This is pdfTeX, Version 3.14159265-2.6-1.40.16 (TeX Live 2015/Debian) (preloaded format=pdflatex 2016.9.28)  4 OCT 2016 09:59
entering extended mode
 restricted \write18 enabled.
 %&-line parsing enabled.
**projeto1_cap_sup_final.tex
(./projeto1_cap_sup_final.tex
LaTeX2e <2016/02/01>
Babel <3.9q> and hyphenation patterns for 6 language(s) loaded.
(/usr/share/texlive/texmf-dist/tex/latex/base/article.cls
Document Class: article 2014/09/29 v1.4h Standard LaTeX document class
(/usr/share/texlive/texmf-dist/tex/latex/base/size10.clo
File: size10.clo 2014/09/29 v1.4h Standard LaTeX file (size option)
)
\c@part=\count79
\c@section=\count80
\c@subsection=\count81
\c@subsubsection=\count82
\c@paragraph=\count83
\c@subparagraph=\count84
\c@figure=\count85
\c@table=\count86
\abovecaptionskip=\skip41
\belowcaptionskip=\skip42
\bibindent=\dimen102
)
(/usr/share/texlive/texmf-dist/tex/generic/babel/babel.sty
Package: babel 2016/02/24 3.9q The Babel package

(/usr/share/texlive/texmf-dist/tex/generic/babel-portuges/portuges.ldf
Language: portuges 2008/03/18 v1.2q Portuguese support from the babel system

(/usr/share/texlive/texmf-dist/tex/generic/babel/babel.def
File: babel.def 2016/02/24 3.9q Babel common definitions
\babel@savecnt=\count87
\U@D=\dimen103
)
\l@brazilian = a dialect from \language\l@portuges 
Package babel Info: Making " an active character on input line 145.
))
(/usr/share/texlive/texmf-dist/tex/latex/subfig/subfig.sty
Package: subfig 2005/06/28 ver: 1.3 subfig package

(/usr/share/texlive/texmf-dist/tex/latex/graphics/keyval.sty
Package: keyval 2014/10/28 v1.15 key=value parser (DPC)
\KV@toks@=\toks14
)
(/usr/share/texlive/texmf-dist/tex/latex/caption/caption.sty
Package: caption 2016/02/21 v3.3-144 Customizing captions (AR)

(/usr/share/texlive/texmf-dist/tex/latex/caption/caption3.sty
Package: caption3 2016/02/04 v1.7-139 caption3 kernel (AR)
Package caption3 Info: TeX engine: e-TeX on input line 67.
\captionmargin=\dimen104
\captionmargin@=\dimen105
\captionwidth=\dimen106
\caption@tempdima=\dimen107
\caption@indent=\dimen108
\caption@parindent=\dimen109
\caption@hangindent=\dimen110
)
\c@ContinuedFloat=\count88
)
\c@KVtest=\count89
\sf@farskip=\skip43
\sf@captopadj=\dimen111
\sf@capskip=\skip44
\sf@nearskip=\skip45
\c@subfigure=\count90
\c@subfigure@save=\count91
\c@lofdepth=\count92
\c@subtable=\count93
\c@subtable@save=\count94
\c@lotdepth=\count95
\sf@top=\skip46
\sf@bottom=\skip47
)
(/usr/share/texlive/texmf-dist/tex/latex/booktabs/booktabs.sty
Package: booktabs 2005/04/14 v1.61803 publication quality tables
\heavyrulewidth=\dimen112
\lightrulewidth=\dimen113
\cmidrulewidth=\dimen114
\belowrulesep=\dimen115
\belowbottomsep=\dimen116
\aboverulesep=\dimen117
\abovetopsep=\dimen118
\cmidrulesep=\dimen119
\cmidrulekern=\dimen120
\defaultaddspace=\dimen121
\@cmidla=\count96
\@cmidlb=\count97
\@aboverulesep=\dimen122
\@belowrulesep=\dimen123
\@thisruleclass=\count98
\@lastruleclass=\count99
\@thisrulewidth=\dimen124
)
(/usr/share/texlive/texmf-dist/tex/latex/graphics/graphicx.sty
Package: graphicx 2014/10/28 v1.0g Enhanced LaTeX Graphics (DPC,SPQR)

(/usr/share/texlive/texmf-dist/tex/latex/graphics/graphics.sty
Package: graphics 2016/01/03 v1.0q Standard LaTeX Graphics (DPC,SPQR)

(/usr/share/texlive/texmf-dist/tex/latex/graphics/trig.sty
Package: trig 2016/01/03 v1.10 sin cos tan (DPC)
)
(/usr/share/texlive/texmf-dist/tex/latex/latexconfig/graphics.cfg
File: graphics.cfg 2010/04/23 v1.9 graphics configuration of TeX Live
)
Package graphics Info: Driver file: pdftex.def on input line 95.

(/usr/share/texlive/texmf-dist/tex/latex/pdftex-def/pdftex.def
File: pdftex.def 2011/05/27 v0.06d Graphics/color for pdfTeX

(/usr/share/texlive/texmf-dist/tex/generic/oberdiek/infwarerr.sty
Package: infwarerr 2010/04/08 v1.3 Providing info/warning/error messages (HO)
)
(/usr/share/texlive/texmf-dist/tex/generic/oberdiek/ltxcmds.sty
Package: ltxcmds 2011/11/09 v1.22 LaTeX kernel commands for general use (HO)
)
\Gread@gobject=\count100
))
\Gin@req@height=\dimen125
\Gin@req@width=\dimen126
)
(./projeto1_cap_sup_final.aux

LaTeX Warning: Label `Cd94' multiply defined.


LaTeX Warning: Label `Cd94' multiply defined.


LaTeX Warning: Label `Cd94' multiply defined.


LaTeX Warning: Label `Cd94' multiply defined.


LaTeX Warning: Label `Cd94' multiply defined.


LaTeX Warning: Label `Cd94' multiply defined.


LaTeX Warning: Label `Cd94' multiply defined.

)
\openout1 = `projeto1_cap_sup_final.aux'.

LaTeX Font Info:    Checking defaults for OML/cmm/m/it on input line 12.
LaTeX Font Info:    ... okay on input line 12.
LaTeX Font Info:    Checking defaults for T1/cmr/m/n on input line 12.
LaTeX Font Info:    ... okay on input line 12.
LaTeX Font Info:    Checking defaults for OT1/cmr/m/n on input line 12.
LaTeX Font Info:    ... okay on input line 12.
LaTeX Font Info:    Checking defaults for OMS/cmsy/m/n on input line 12.
LaTeX Font Info:    ... okay on input line 12.
LaTeX Font Info:    Checking defaults for OMX/cmex/m/n on input line 12.
LaTeX Font Info:    ... okay on input line 12.
LaTeX Font Info:    Checking defaults for U/cmr/m/n on input line 12.
LaTeX Font Info:    ... okay on input line 12.
Package caption Info: Begin \AtBeginDocument code.
Package caption Info: subfig package v1.3 is loaded.
Package caption Info: End \AtBeginDocument code.
 (/usr/share/texlive/texmf-dist/tex/context/base/supp-pdf.mkii
[Loading MPS to PDF converter (version 2006.09.02).]
\scratchcounter=\count101
\scratchdimen=\dimen127
\scratchbox=\box26
\nofMPsegments=\count102
\nofMParguments=\count103
\everyMPshowfont=\toks15
\MPscratchCnt=\count104
\MPscratchDim=\dimen128
\MPnumerator=\count105
\makeMPintoPDFobject=\count106
\everyMPtoPDFconversion=\toks16
) (/usr/share/texlive/texmf-dist/tex/generic/oberdiek/pdftexcmds.sty
Package: pdftexcmds 2011/11/29 v0.20 Utility functions of pdfTeX for LuaTeX (HO
)

(/usr/share/texlive/texmf-dist/tex/generic/oberdiek/ifluatex.sty
Package: ifluatex 2010/03/01 v1.3 Provides the ifluatex switch (HO)
Package ifluatex Info: LuaTeX not detected.
)
(/usr/share/texlive/texmf-dist/tex/generic/oberdiek/ifpdf.sty
Package: ifpdf 2011/01/30 v2.3 Provides the ifpdf switch (HO)
Package ifpdf Info: pdfTeX in PDF mode is detected.
)
Package pdftexcmds Info: LuaTeX not detected.
Package pdftexcmds Info: \pdf@primitive is available.
Package pdftexcmds Info: \pdf@ifprimitive is available.
Package pdftexcmds Info: \pdfdraftmode found.
)
(/usr/share/texlive/texmf-dist/tex/latex/oberdiek/epstopdf-base.sty
Package: epstopdf-base 2010/02/09 v2.5 Base part for package epstopdf

(/usr/share/texlive/texmf-dist/tex/latex/oberdiek/grfext.sty
Package: grfext 2010/08/19 v1.1 Manage graphics extensions (HO)

(/usr/share/texlive/texmf-dist/tex/generic/oberdiek/kvdefinekeys.sty
Package: kvdefinekeys 2011/04/07 v1.3 Define keys (HO)
))
(/usr/share/texlive/texmf-dist/tex/latex/oberdiek/kvoptions.sty
Package: kvoptions 2011/06/30 v3.11 Key value format for package options (HO)

(/usr/share/texlive/texmf-dist/tex/generic/oberdiek/kvsetkeys.sty
Package: kvsetkeys 2012/04/25 v1.16 Key value parser (HO)

(/usr/share/texlive/texmf-dist/tex/generic/oberdiek/etexcmds.sty
Package: etexcmds 2011/02/16 v1.5 Avoid name clashes with e-TeX commands (HO)
Package etexcmds Info: Could not find \expanded.
(etexcmds)             That can mean that you are not using pdfTeX 1.50 or
(etexcmds)             that some package has redefined \expanded.
(etexcmds)             In the latter case, load this package earlier.
)))
Package grfext Info: Graphics extension search list:
(grfext)             [.png,.pdf,.jpg,.mps,.jpeg,.jbig2,.jb2,.PNG,.PDF,.JPG,.JPE
G,.JBIG2,.JB2,.eps]
(grfext)             \AppendGraphicsExtensions on input line 452.

(/usr/share/texlive/texmf-dist/tex/latex/latexconfig/epstopdf-sys.cfg
File: epstopdf-sys.cfg 2010/07/13 v1.3 Configuration of (r)epstopdf for TeX Liv
e
))
LaTeX Font Info:    External font `cmex10' loaded for size
(Font)              <12> on input line 13.
LaTeX Font Info:    External font `cmex10' loaded for size
(Font)              <8> on input line 13.
LaTeX Font Info:    External font `cmex10' loaded for size
(Font)              <6> on input line 13.
LaTeX Font Info:    External font `cmex10' loaded for size
(Font)              <9> on input line 20.
LaTeX Font Info:    External font `cmex10' loaded for size
(Font)              <5> on input line 20.

Underfull \hbox (badness 10000) in paragraph at lines 20--27

 []

LaTeX Font Info:    External font `cmex10' loaded for size
(Font)              <7> on input line 52.

Underfull \hbox (badness 10000) in paragraph at lines 28--90

 []


Underfull \hbox (badness 10000) in paragraph at lines 28--90

 []

[1

{/var/lib/texmf/fonts/map/pdftex/updmap/pdftex.map}] [2]
<populacao.png, id=18, 358.33875pt x 225.84375pt>
File: populacao.png Graphic file (type png)
 <use populacao.png>
Package pdftex.def Info: populacao.png used on input line 109.
(pdftex.def)             Requested size: 207.0021pt x 130.46565pt.

Overfull \hbox (20.91904pt too wide) in paragraph at lines 109--130
 [][][][][] 
 []

<taxaPopo.png, id=19, 381.67593pt x 243.91125pt>
File: taxaPopo.png Graphic file (type png)
 <use taxaPopo.png>
Package pdftex.def Info: taxaPopo.png used on input line 140.
(pdftex.def)             Requested size: 207.0021pt x 132.28326pt.

Overfull \hbox (115.16919pt too wide) in paragraph at lines 140--160
[][][][][] 
 []


Underfull \hbox (badness 10000) in paragraph at lines 97--164

 []


LaTeX Warning: `h' float specifier changed to `ht'.

[3 <./populacao.png>]
! Double subscript.
l.165 P_n_
          +_1 - P_n = \lambda P_n(1 - \frac{P_n}{K})
? 
! Double subscript.
l.165 P_n_+_
            1 - P_n = \lambda P_n(1 - \frac{P_n}{K})
? 
! Missing $ inserted.
<inserted text> 
                $
l.167 Podemos chamar \Delta
                            $P = P_n_+_1 - P_n$ e a equa\c{c}\~{a}o fica:
? 
! Missing $ inserted.
<inserted text> 
                $
l.167 Podemos chamar \Delta $P = P_
                                   n_+_1 - P_n$ e a equa\c{c}\~{a}o fica:
? 
! Double subscript.
l.167 Podemos chamar \Delta $P = P_n_
                                     +_1 - P_n$ e a equa\c{c}\~{a}o fica:
? 
! Double subscript.
l.167 Podemos chamar \Delta $P = P_n_+_
                                       1 - P_n$ e a equa\c{c}\~{a}o fica:
? 

Underfull \hbox (badness 10000) in paragraph at lines 170--172

 []

! Double subscript.
l.173 P_n_
          +_1 - P_n = \lambda  \frac{\lambda}{K}P_n
? 
! Double subscript.
l.173 P_n_+_
            1 - P_n = \lambda  \frac{\lambda}{K}P_n
? 
! Missing $ inserted.
<inserted text> 
                $
l.176 Podemos chamar \Delta
                            $P = P_n_+_1 - P_n$ e a equa\c{c}\~{a}o fica:
? 
! Missing $ inserted.
<inserted text> 
                $
l.176 Podemos chamar \Delta $P = P_
                                   n_+_1 - P_n$ e a equa\c{c}\~{a}o fica:
? 
! Double subscript.
l.176 Podemos chamar \Delta $P = P_n_
                                     +_1 - P_n$ e a equa\c{c}\~{a}o fica:
? 
! Double subscript.
l.176 Podemos chamar \Delta $P = P_n_+_
                                       1 - P_n$ e a equa\c{c}\~{a}o fica:
? 
<aproxLin.png, id=25, 361.35pt x 217.5628pt>
File: aproxLin.png Graphic file (type png)
 <use aproxLin.png>
Package pdftex.def Info: aproxLin.png used on input line 189.
(pdftex.def)             Requested size: 172.5pt x 103.85796pt.

<aproxParab.png, id=26, 426.09187pt x 258.9675pt>
File: aproxParab.png Graphic file (type png)
 <use aproxParab.png>
Package pdftex.def Info: aproxParab.png used on input line 192.
(pdftex.def)             Requested size: 172.5pt x 104.84174pt.

Overfull \hbox (13.33331pt too wide) in paragraph at lines 189--193
[][][][][] 
 []


LaTeX Warning: `h' float specifier changed to `ht'.


Underfull \hbox (badness 10000) in paragraph at lines 205--208

 []


! LaTeX Error: There's no line here to end.

See the LaTeX manual or LaTeX Companion for explanation.
Type  H <return>  for immediate help.
 ...                                              
                                                  
l.210 A
       trav\'{e}s dos modelos utilizados nesse projeto encontramos tr\^{e}s ...

? 

Overfull \hbox (2.97162pt too wide) in paragraph at lines 210--211
\OT1/cmr/m/n/9 apro-xima da re-a-li-dade ^^Se o mo-delo de Verhulst com apro-xi
ma^^Xc~ao quadr^^Satica,
 []

[4 <./taxaPopo.png>]
Overfull \hbox (43.2293pt too wide) in paragraph at lines 216--217
[]\OT1/cmr/m/n/9 http://www.ibge.gov.br/home/geociencias/cartografia/default[]t
errit[]area.shtm 
 []


Underfull \hbox (badness 10000) in paragraph at lines 217--218
[]\OT1/cmr/m/n/9 http://www.brasil.gov.br/meio-ambiente/2012/12/brasil-detem-
 []


Underfull \hbox (badness 10000) in paragraph at lines 220--221
[]\OT1/cmr/m/n/9 http://www.dnit.gov.br/download/rodovias/operacoes-
 []


Underfull \hbox (badness 10000) in paragraph at lines 220--221
\OT1/cmr/m/n/9 rodoviarias/faixa-de-dominio/normas-projeto-estr-rod-reeditado-
 []


Overfull \hbox (16.51607pt too wide) in paragraph at lines 221--222
[]\OT1/cmr/m/n/9 http://www.censo2010.ibge.gov.br/sinopse/index.php?dados=10&uf
=00 
 []


Underfull \hbox (badness 10000) in paragraph at lines 223--224
[]\OT1/cmr/m/n/9 http://g1.globo.com/brasil/noticia/2011/04/ibge-atualiza-dados
-do-
 []

[5 <./aproxLin.png> <./aproxParab.png>] (./projeto1_cap_sup_final.aux)

LaTeX Warning: There were multiply-defined labels.

 ) 
Here is how much of TeX's memory you used:
 3241 strings out of 494888
 49929 string characters out of 6179127
 116296 words of memory out of 5000000
 6519 multiletter control sequences out of 15000+600000
 8500 words of font info for 30 fonts, out of 8000000 for 9000
 38 hyphenation exceptions out of 8191
 44i,11n,49p,796b,398s stack positions out of 5000i,500n,10000p,200000b,80000s
</usr/share/texlive/texmf-dist/fonts/type1/public/amsfonts/cm/cmbx12.pfb></us
r/share/texlive/texmf-dist/fonts/type1/public/amsfonts/cm/cmbx9.pfb></usr/share
/texlive/texmf-dist/fonts/type1/public/amsfonts/cm/cmmi10.pfb></usr/share/texli
ve/texmf-dist/fonts/type1/public/amsfonts/cm/cmmi5.pfb></usr/share/texlive/texm
f-dist/fonts/type1/public/amsfonts/cm/cmmi6.pfb></usr/share/texlive/texmf-dist/
fonts/type1/public/amsfonts/cm/cmmi9.pfb></usr/share/texlive/texmf-dist/fonts/t
ype1/public/amsfonts/cm/cmr10.pfb></usr/share/texlive/texmf-dist/fonts/type1/pu
blic/amsfonts/cm/cmr12.pfb></usr/share/texlive/texmf-dist/fonts/type1/public/am
sfonts/cm/cmr17.pfb></usr/share/texlive/texmf-dist/fonts/type1/public/amsfonts/
cm/cmr6.pfb></usr/share/texlive/texmf-dist/fonts/type1/public/amsfonts/cm/cmr8.
pfb></usr/share/texlive/texmf-dist/fonts/type1/public/amsfonts/cm/cmr9.pfb></us
r/share/texlive/texmf-dist/fonts/type1/public/amsfonts/cm/cmsy9.pfb>
Output written on projeto1_cap_sup_final.pdf (5 pages, 198267 bytes).
PDF statistics:
 76 PDF objects out of 1000 (max. 8388607)
 51 compressed objects within 1 object stream
 0 named destinations out of 1000 (max. 500000)
 21 words of extra memory for PDF output out of 10000 (max. 10000000)

